# JRE version: OpenJDK Runtime Environment (11.0.10) (build 11.0.10+0-b96-7249189)
# Java VM: OpenJDK 64-Bit Server VM (11.0.10+0-b96-7249189, mixed mode, tiered, compressed oops, g1 gc, linux-amd64)
Heap:
 garbage-first heap   total 543744K, used 394371K [0x0000000080000000, 0x0000000100000000)
  region size 1024K, 136 young (139264K), 9 survivors (9216K)
 Metaspace       used 258170K, capacity 265537K, committed 265700K, reserved 1282048K
  class space    used 31488K, capacity 34157K, committed 34176K, reserved 1048576K
GC Heap History (20 events):
Event: 1000.130 GC heap before
{Heap before GC invocations=142 (full 0):
 garbage-first heap   total 543744K, used 285633K [0x0000000080000000, 0x0000000100000000)
  region size 1024K, 26 young (26624K), 24 survivors (24576K)
 Metaspace       used 241658K, capacity 247521K, committed 249060K, reserved 1265664K
  class space    used 29282K, capacity 31430K, committed 32384K, reserved 1048576K
}
Event: 1000.160 GC heap after
{Heap after GC invocations=143 (full 0):
 garbage-first heap   total 543744K, used 285184K [0x0000000080000000, 0x0000000100000000)
  region size 1024K, 2 young (2048K), 2 survivors (2048K)
 Metaspace       used 241658K, capacity 247521K, committed 249060K, reserved 1265664K
  class space    used 29282K, capacity 31430K, committed 32384K, reserved 1048576K
}
Event: 1004.153 GC heap before
{Heap before GC invocations=143 (full 0):
 garbage-first heap   total 543744K, used 422400K [0x0000000080000000, 0x0000000100000000)
  region size 1024K, 137 young (140288K), 2 survivors (2048K)
 Metaspace       used 243746K, capacity 249661K, committed 250852K, reserved 1267712K
  class space    used 29565K, capacity 31738K, committed 32384K, reserved 1048576K
}
Event: 1004.167 GC heap after
{Heap after GC invocations=144 (full 0):
 garbage-first heap   total 543744K, used 282832K [0x0000000080000000, 0x0000000100000000)
  region size 1024K, 2 young (2048K), 2 survivors (2048K)
 Metaspace       used 243746K, capacity 249661K, committed 250852K, reserved 1267712K
  class space    used 29565K, capacity 31738K, committed 32384K, reserved 1048576K
}
Event: 1005.028 GC heap before
{Heap before GC invocations=144 (full 0):
 garbage-first heap   total 543744K, used 413904K [0x0000000080000000, 0x0000000100000000)
  region size 1024K, 148 young (151552K), 2 survivors (2048K)
 Metaspace       used 243787K, capacity 249809K, committed 250852K, reserved 1267712K
  class space    used 29568K, capacity 31742K, committed 32384K, reserved 1048576K
}
Event: 1005.043 GC heap after
{Heap after GC invocations=145 (full 0):
 garbage-first heap   total 543744K, used 268299K [0x0000000080000000, 0x0000000100000000)
  region size 1024K, 8 young (8192K), 8 survivors (8192K)
 Metaspace       used 243787K, capacity 249809K, committed 250852K, reserved 1267712K
  class space    used 29568K, capacity 31742K, committed 32384K, reserved 1048576K
}
Event: 1006.472 GC heap before
{Heap before GC invocations=146 (full 0):
 garbage-first heap   total 543744K, used 439307K [0x0000000080000000, 0x0000000100000000)
  region size 1024K, 173 young (177152K), 8 survivors (8192K)
 Metaspace       used 253353K, capacity 259808K, committed 260068K, reserved 1275904K
  class space    used 30696K, capacity 33031K, committed 33152K, reserved 1048576K
}
Event: 1006.487 GC heap after
{Heap after GC invocations=147 (full 0):
 garbage-first heap   total 543744K, used 280785K [0x0000000080000000, 0x0000000100000000)
  region size 1024K, 20 young (20480K), 20 survivors (20480K)
 Metaspace       used 253353K, capacity 259808K, committed 260068K, reserved 1275904K
  class space    used 30696K, capacity 33031K, committed 33152K, reserved 1048576K
}
Event: 1006.540 GC heap before
{Heap before GC invocations=147 (full 0):
 garbage-first heap   total 543744K, used 286929K [0x0000000080000000, 0x0000000100000000)
  region size 1024K, 26 young (26624K), 20 survivors (20480K)
 Metaspace       used 253699K, capacity 260193K, committed 260324K, reserved 1275904K
  class space    used 30748K, capacity 33075K, committed 33152K, reserved 1048576K
}
Event: 1006.564 GC heap after
{Heap after GC invocations=148 (full 0):
 garbage-first heap   total 543744K, used 266158K [0x0000000080000000, 0x0000000100000000)
  region size 1024K, 2 young (2048K), 2 survivors (2048K)
 Metaspace       used 253699K, capacity 260193K, committed 260324K, reserved 1275904K
  class space    used 30748K, capacity 33075K, committed 33152K, reserved 1048576K
}
Event: 1007.223 GC heap before
{Heap before GC invocations=148 (full 0):
 garbage-first heap   total 543744K, used 369582K [0x0000000080000000, 0x0000000100000000)
  region size 1024K, 104 young (106496K), 2 survivors (2048K)
 Metaspace       used 256713K, capacity 263479K, committed 263780K, reserved 1280000K
  class space    used 31242K, capacity 33701K, committed 33792K, reserved 1048576K
}
Event: 1007.259 GC heap after
{Heap after GC invocations=149 (full 0):
 garbage-first heap   total 543744K, used 270009K [0x0000000080000000, 0x0000000100000000)
  region size 1024K, 6 young (6144K), 6 survivors (6144K)
 Metaspace       used 256713K, capacity 263479K, committed 263780K, reserved 1280000K
  class space    used 31242K, capacity 33701K, committed 33792K, reserved 1048576K
}
Event: 1007.925 GC heap before
{Heap before GC invocations=149 (full 0):
 garbage-first heap   total 543744K, used 452281K [0x0000000080000000, 0x0000000100000000)
  region size 1024K, 177 young (181248K), 6 survivors (6144K)
 Metaspace       used 256779K, capacity 263466K, committed 263780K, reserved 1280000K
  class space    used 31239K, capacity 33697K, committed 33792K, reserved 1048576K
}
Event: 1007.941 GC heap after
{Heap after GC invocations=150 (full 0):
 garbage-first heap   total 543744K, used 283430K [0x0000000080000000, 0x0000000100000000)
  region size 1024K, 17 young (17408K), 17 survivors (17408K)
 Metaspace       used 256779K, capacity 263466K, committed 263780K, reserved 1280000K
  class space    used 31239K, capacity 33697K, committed 33792K, reserved 1048576K
}
Event: 3106.580 GC heap before
{Heap before GC invocations=151 (full 0):
 garbage-first heap   total 543744K, used 479014K [0x0000000080000000, 0x0000000100000000)
  region size 1024K, 177 young (181248K), 17 survivors (17408K)
 Metaspace       used 257332K, capacity 264231K, committed 264420K, reserved 1280000K
  class space    used 31334K, capacity 33873K, committed 33920K, reserved 1048576K
}
Event: 3106.681 GC heap after
{Heap after GC invocations=152 (full 0):
 garbage-first heap   total 543744K, used 274555K [0x0000000080000000, 0x0000000100000000)
  region size 1024K, 4 young (4096K), 4 survivors (4096K)
 Metaspace       used 257332K, capacity 264231K, committed 264420K, reserved 1280000K
  class space    used 31334K, capacity 33873K, committed 33920K, reserved 1048576K
}
Event: 3107.325 GC heap before
{Heap before GC invocations=152 (full 0):
 garbage-first heap   total 543744K, used 296059K [0x0000000080000000, 0x0000000100000000)
  region size 1024K, 26 young (26624K), 4 survivors (4096K)
 Metaspace       used 257625K, capacity 264681K, committed 264804K, reserved 1280000K
  class space    used 31391K, capacity 33979K, committed 34048K, reserved 1048576K
}
Event: 3107.433 GC heap after
{Heap after GC invocations=153 (full 0):
 garbage-first heap   total 543744K, used 254141K [0x0000000080000000, 0x0000000100000000)
  region size 1024K, 3 young (3072K), 3 survivors (3072K)
 Metaspace       used 257625K, capacity 264681K, committed 264804K, reserved 1280000K
  class space    used 31391K, capacity 33979K, committed 34048K, reserved 1048576K
}
Event: 3108.133 GC heap before
{Heap before GC invocations=153 (full 0):
 garbage-first heap   total 543744K, used 322749K [0x0000000080000000, 0x0000000100000000)
  region size 1024K, 71 young (72704K), 3 survivors (3072K)
 Metaspace       used 258160K, capacity 265537K, committed 265700K, reserved 1282048K
  class space    used 31488K, capacity 34157K, committed 34176K, reserved 1048576K
}
Event: 3108.193 GC heap after
{Heap after GC invocations=154 (full 0):
 garbage-first heap   total 543744K, used 260227K [0x0000000080000000, 0x0000000100000000)
  region size 1024K, 9 young (9216K), 9 survivors (9216K)
 Metaspace       used 258160K, capacity 265537K, committed 265700K, reserved 1282048K
  class space    used 31488K, capacity 34157K, committed 34176K, reserved 1048576K
}

